<?xml version="1.0" encoding="UTF-8"?>
<testng-results skipped="0" failed="0" ignored="0" total="2" passed="2">
  <reporter-output>
  </reporter-output>
  <suite name="Suite" duration-ms="6379" started-at="2020-02-20T18:48:31Z" finished-at="2020-02-20T18:48:37Z">
    <groups>
    </groups>
    <test name="Test" duration-ms="6379" started-at="2020-02-20T18:48:31Z" finished-at="2020-02-20T18:48:37Z">
      <class name="Seleium.JavaDemo.TextNG.NewTest">
        <test-method status="PASS" signature="myFirstTestCase()[pri:0, instance:Seleium.JavaDemo.TextNG.NewTest@5034c75a]" name="myFirstTestCase" duration-ms="20" started-at="2020-02-20T13:48:31Z" finished-at="2020-02-20T13:48:31Z">
          <reporter-output>
          </reporter-output>
        </test-method> <!-- myFirstTestCase -->
        <test-method status="PASS" signature="mysenondirstTestCase()[pri:0, instance:Seleium.JavaDemo.TextNG.NewTest@5034c75a]" name="mysenondirstTestCase" duration-ms="6321" started-at="2020-02-20T13:48:31Z" finished-at="2020-02-20T13:48:37Z">
          <reporter-output>
          </reporter-output>
        </test-method> <!-- mysenondirstTestCase -->
      </class> <!-- Seleium.JavaDemo.TextNG.NewTest -->
    </test> <!-- Test -->
  </suite> <!-- Suite -->
</testng-results>
